<?xml version="1.0" encoding="UTF-8" ?>
<testsuite tests="1" failures="0" name="egovframework.guide.helloworld.HelloWorldServiceTest" time="0.05" errors="0" skipped="0">
  <properties>
    <property name="jansi.mode" value="force"/>
    <property name="java.runtime.name" value="OpenJDK Runtime Environment"/>
    <property name="sun.boot.library.path" value="C:\eGovFrame-4.2.0\bin\jdk8u402-b06\jre\bin"/>
    <property name="java.vm.version" value="25.402-b06"/>
    <property name="java.vm.vendor" value="Temurin"/>
    <property name="maven.multiModuleProjectDirectory" value="C:\eGovFrame-4.2.0\workspace.edu\lab103-junit-test-tutor"/>
    <property name="java.vendor.url" value="https://adoptium.net/"/>
    <property name="path.separator" value=";"/>
    <property name="guice.disable.misplaced.annotation.check" value="true"/>
    <property name="java.vm.name" value="OpenJDK 64-Bit Server VM"/>
    <property name="file.encoding.pkg" value="sun.io"/>
    <property name="user.script" value=""/>
    <property name="user.country" value="KR"/>
    <property name="sun.java.launcher" value="SUN_STANDARD"/>
    <property name="sun.os.patch.level" value=""/>
    <property name="java.vm.specification.name" value="Java Virtual Machine Specification"/>
    <property name="user.dir" value="C:\eGovFrame-4.2.0\workspace.edu\lab103-junit-test-tutor"/>
    <property name="java.runtime.version" value="1.8.0_402-b06"/>
    <property name="java.awt.graphicsenv" value="sun.awt.Win32GraphicsEnvironment"/>
    <property name="java.endorsed.dirs" value="C:\eGovFrame-4.2.0\bin\jdk8u402-b06\jre\lib\endorsed"/>
    <property name="os.arch" value="amd64"/>
    <property name="java.io.tmpdir" value="C:\Users\unsar\AppData\Local\Temp\"/>
    <property name="line.separator" value="
"/>
    <property name="java.vm.specification.vendor" value="Oracle Corporation"/>
    <property name="user.variant" value=""/>
    <property name="os.name" value="Windows 10"/>
    <property name="classworlds.conf" value="C:\eGovFrame-4.2.0\workspace.edu\.metadata\.plugins\org.eclipse.m2e.launching\launches\m2conf1262488179583172794.tmp"/>
    <property name="sun.jnu.encoding" value="MS949"/>
    <property name="java.library.path" value="C:\eGovFrame-4.2.0\bin\jdk8u402-b06\bin;C:\Windows\Sun\Java\bin;C:\Windows\system32;C:\Windows;C:/eGovFrame-4.2.0/bin/eclipse//plugins/org.eclipse.justj.openjdk.hotspot.jre.full.win32.x86_64_17.0.7.v20230425-1502/jre/bin/server;C:/eGovFrame-4.2.0/bin/eclipse//plugins/org.eclipse.justj.openjdk.hotspot.jre.full.win32.x86_64_17.0.7.v20230425-1502/jre/bin;C:\Program Files\BellSoft\LibericaJDK-17\bin\;C:\Windows\system32;C:\Windows;C:\Windows\System32\Wbem;C:\Windows\System32\WindowsPowerShell\v1.0\;C:\Windows\System32\OpenSSH\;C:\Program Files (x86)\NVIDIA Corporation\PhysX\Common;C:\Program Files\dotnet\;C:\Users\unsar\AppData\Roaming\nvm;C:\Program Files\nodejs;C:\Program Files\terraform;C:\Program Files (x86)\PuTTY\;C:\Program Files\Git\cmd;C:\Users\unsar\dev\flutter\bin;C:\ProgramData\chocolatey\bin;C:\Program Files\BellSoft\LibericaJDK-17\bin;C:\Program Files\Maven\apache-maven-3.9.9\bin;C:\Program Files\MySQL\MySQL Shell 8.0\bin\;C:\Users\unsar\AppData\Local\Microsoft\WindowsApps;C:\Users\unsar\AppData\Local\Programs\Microsoft VS Code\bin;C:\Users\unsar\AppData\Roaming\nvm;C:\Program Files\nodejs;C:\tools\dart-sdk\bin;C:\Users\unsar\AppData\Local\Pub\Cache\bin;C:\eGovFrame-4.2.0\bin\eclipse;;."/>
    <property name="java.specification.name" value="Java Platform API Specification"/>
    <property name="java.class.version" value="52.0"/>
    <property name="sun.management.compiler" value="HotSpot 64-Bit Tiered Compilers"/>
    <property name="os.version" value="10.0"/>
    <property name="user.home" value="C:\Users\unsar"/>
    <property name="user.timezone" value="Asia/Seoul"/>
    <property name="java.awt.printerjob" value="sun.awt.windows.WPrinterJob"/>
    <property name="java.specification.version" value="1.8"/>
    <property name="file.encoding" value="UTF-8"/>
    <property name="user.name" value="unsar"/>
    <property name="java.class.path" value="C:\eGovFrame-4.2.0\bin\eclipse\plugins\org.eclipse.m2e.maven.runtime_3.8.604.20221130-2149\jars\plexus-classworlds-2.6.0.jar"/>
    <property name="java.vm.specification.version" value="1.8"/>
    <property name="sun.arch.data.model" value="64"/>
    <property name="java.home" value="C:\eGovFrame-4.2.0\bin\jdk8u402-b06\jre"/>
    <property name="sun.java.command" value="org.codehaus.plexus.classworlds.launcher.Launcher -B -Dstyle.color=always -s C:\eGovFrame-4.2.0\maven\settings.xml install"/>
    <property name="java.specification.vendor" value="Oracle Corporation"/>
    <property name="user.language" value="ko"/>
    <property name="awt.toolkit" value="sun.awt.windows.WToolkit"/>
    <property name="java.vm.info" value="mixed mode"/>
    <property name="java.version" value="1.8.0_402"/>
    <property name="java.ext.dirs" value="C:\eGovFrame-4.2.0\bin\jdk8u402-b06\jre\lib\ext;C:\Windows\Sun\Java\lib\ext"/>
    <property name="sun.boot.class.path" value="C:\eGovFrame-4.2.0\bin\jdk8u402-b06\jre\lib\resources.jar;C:\eGovFrame-4.2.0\bin\jdk8u402-b06\jre\lib\rt.jar;C:\eGovFrame-4.2.0\bin\jdk8u402-b06\jre\lib\sunrsasign.jar;C:\eGovFrame-4.2.0\bin\jdk8u402-b06\jre\lib\jsse.jar;C:\eGovFrame-4.2.0\bin\jdk8u402-b06\jre\lib\jce.jar;C:\eGovFrame-4.2.0\bin\jdk8u402-b06\jre\lib\charsets.jar;C:\eGovFrame-4.2.0\bin\jdk8u402-b06\jre\lib\jfr.jar;C:\eGovFrame-4.2.0\bin\jdk8u402-b06\jre\classes"/>
    <property name="java.vendor" value="Temurin"/>
    <property name="java.specification.maintenance.version" value="5"/>
    <property name="maven.home" value="C:\eGovFrame-4.2.0\workspace.edu\lab103-junit-test-tutor\EMBEDDED"/>
    <property name="style.color" value="always"/>
    <property name="file.separator" value="\"/>
    <property name="java.vendor.url.bug" value="https://github.com/adoptium/adoptium-support/issues"/>
    <property name="sun.cpu.endian" value="little"/>
    <property name="sun.io.unicode.encoding" value="UnicodeLittle"/>
    <property name="m2e.build.project.data.socket.port" value="52295"/>
    <property name="sun.desktop" value="windows"/>
    <property name="sun.cpu.isalist" value="amd64"/>
  </properties>
  <testcase classname="egovframework.guide.helloworld.HelloWorldServiceTest" name="SayHello" time="0.05"/>
</testsuite>